{"numFailedTestSuites":6,"numFailedTests":8,"numPassedTestSuites":10,"numPassedTests":118,"numPendingTestSuites":0,"numPendingTests":0,"numRuntimeErrorTestSuites":3,"numTodoTests":0,"numTotalTestSuites":16,"numTotalTests":126,"openHandles":[],"snapshot":{"added":0,"didUpdate":false,"failure":false,"filesAdded":0,"filesRemoved":0,"filesRemovedList":[],"filesUnmatched":0,"filesUpdated":0,"matched":0,"total":0,"unchecked":0,"uncheckedKeysByFile":[],"unmatched":0,"updated":0},"startTime":1787216849572,"success":false,"testResults":[{"assertionResults":[{"ancestorTitles":["Publication Access Control"],"duration":7,"failing":false,"failureDetails":[],"failureMessages":[],"fullName":"Publication Access Control denies access to anonymous visitor","invocations":1,"location":null,"numPassingAsserts":2,"retryReasons":[],"startAt":1787216862677,"status":"passed","title":"denies access to anonymous visitor"},{"ancestorTitles":["Publication Access Control"],"duration":1,"failing":false,"failureDetails":[],"failureMessages":[],"fullName":"Publication Access Control denies access to logged-in non-applicant","invocations":1,"location":null,"numPassingAsserts":2,"retryReasons":[],"startAt":1787216862685,"status":"passed","title":"denies access to logged-in non-applicant"},{"ancestorTitles":["Publication Access Control"],"duration":0,"failing":false,"failureDetails":[],"failureMessages":[],"fullName":"Publication Access Control denies access to pending applicant","invocations":1,"location":null,"numPassingAsserts":1,"retryReasons":[],"startAt":1787216862686,"status":"passed","title":"denies access to pending applicant"},{"ancestorTitles":["Publication Access Control"],"duration":0,"failing":false,"failureDetails":[],"failureMessages":[],"fullName":"Publication Access Control denies access to rejected applicant","invocations":1,"location":null,"numPassingAsserts":1,"retryReasons":[],"startAt":1787216862686,"status":"passed","title":"denies access to rejected applicant"},{"ancestorTitles":["Publication Access Control"],"duration":0,"failing":false,"failureDetails":[],"failureMessages":[],"fullName":"Publication Access Control denies access to suspended member","invocations":1,"location":null,"numPassingAsserts":2,"retryReasons":[],"startAt":1787216862687,"status":"passed","title":"denies access to suspended member"},{"ancestorTitles":["Publication Access Control"],"duration":0,"failing":false,"failureDetails":[],"failureMessages":[],"fullName":"Publication Access Control denies access to revoked member","invocations":1,"location":null,"numPassingAsserts":2,"retryReasons":[],"startAt":1787216862687,"status":"passed","title":"denies access to revoked member"},{"ancestorTitles":["Publication Access Control"],"duration":0,"failing":false,"failureDetails":[],"failureMessages":[],"fullName":"Publication Access Control permits access to approved active member","invocations":1,"location":null,"numPassingAsserts":1,"retryReasons":[],"startAt":1787216862688,"status":"passed","title":"permits access to approved active member"},{"ancestorTitles":["Publication Access Control"],"duration":0,"failing":false,"failureDetails":[],"failureMessages":[],"fullName":"Publication Access Control permits access to administrator regardless of membership","invocations":1,"location":null,"numPassingAsserts":2,"retryReasons":[],"startAt":1787216862688,"status":"passed","title":"permits access to administrator regardless of membership"},{"ancestorTitles":["Publication Access Control"],"duration":2,"failing":false,"failureDetails":[],"failureMessages":[],"fullName":"Publication Access Control changing an approved member to suspended immediately revokes access","invocations":1,"location":null,"numPassingAsserts":2,"retryReasons":[],"startAt":1787216862688,"status":"passed","title":"changing an approved member to suspended immediately revokes access"},{"ancestorTitles":["Publication Access Control"],"duration":0,"failing":false,"failureDetails":[],"failureMessages":[],"fullName":"Publication Access Control client-provided role or membership status cannot override the database state","invocations":1,"location":null,"numPassingAsserts":1,"retryReasons":[],"startAt":1787216862691,"status":"passed","title":"client-provided role or membership status cannot override the database state"}],"endTime":1787216862693,"message":"","name":"C:\\Users\\Fayaz\\Sufipulseupdate2026\\HCRF 2026\\hcr_foundation_full_govind\\backend\\tests\\authorization.test.ts","startTime":1787216850482,"status":"passed","summary":""},{"assertionResults":[],"coverage":{},"endTime":1787216867539,"message":"  ● Test suite failed to run\n\n    \u001b[96msrc/__tests__/security.test.ts\u001b[0m:\u001b[93m2\u001b[0m:\u001b[93m8\u001b[0m - \u001b[91merror\u001b[0m\u001b[90m TS1192: \u001b[0mModule '\"C:/Users/Fayaz/Sufipulseupdate2026/HCRF 2026/hcr_foundation_full_govind/backend/src/index\"' has no default export.\n\n    \u001b[7m2\u001b[0m import app from '../index'; // Adjust path if necessary based on your server setup\n    \u001b[7m \u001b[0m \u001b[91m       ~~~\u001b[0m\n","name":"C:\\Users\\Fayaz\\Sufipulseupdate2026\\HCRF 2026\\hcr_foundation_full_govind\\backend\\src\\__tests__\\security.test.ts","startTime":1787216867539,"status":"failed","summary":""},{"assertionResults":[{"ancestorTitles":["PAN Validation"],"duration":6,"failing":false,"failureDetails":[],"failureMessages":[],"fullName":"PAN Validation request without PAN is valid (returns undefined)","invocations":1,"location":null,"numPassingAsserts":2,"retryReasons":[],"startAt":1787216863419,"status":"passed","title":"request without PAN is valid (returns undefined)"},{"ancestorTitles":["PAN Validation"],"duration":1,"failing":false,"failureDetails":[],"failureMessages":[],"fullName":"PAN Validation valid PAN returns normalized PAN","invocations":1,"location":null,"numPassingAsserts":1,"retryReasons":[],"startAt":1787216863425,"status":"passed","title":"valid PAN returns normalized PAN"},{"ancestorTitles":["PAN Validation"],"duration":0,"failing":false,"failureDetails":[],"failureMessages":[],"fullName":"PAN Validation lowercase PAN normalized to uppercase","invocations":1,"location":null,"numPassingAsserts":1,"retryReasons":[],"startAt":1787216863426,"status":"passed","title":"lowercase PAN normalized to uppercase"},{"ancestorTitles":["PAN Validation"],"duration":1,"failing":false,"failureDetails":[],"failureMessages":[],"fullName":"PAN Validation PAN containing surrounding spaces is trimmed","invocations":1,"location":null,"numPassingAsserts":1,"retryReasons":[],"startAt":1787216863426,"status":"passed","title":"PAN containing surrounding spaces is trimmed"},{"ancestorTitles":["PAN Validation"],"duration":0,"failing":false,"failureDetails":[],"failureMessages":[],"fullName":"PAN Validation invalid PAN rejected","invocations":1,"location":null,"numPassingAsserts":3,"retryReasons":[],"startAt":1787216863427,"status":"passed","title":"invalid PAN rejected"},{"ancestorTitles":["PAN Validation"],"duration":0,"failing":false,"failureDetails":[],"failureMessages":[],"fullName":"PAN Validation empty PAN treated as null or omitted","invocations":1,"location":null,"numPassingAsserts":2,"retryReasons":[],"startAt":1787216863428,"status":"passed","title":"empty PAN treated as null or omitted"}],"endTime":1787216863429,"message":"","name":"C:\\Users\\Fayaz\\Sufipulseupdate2026\\HCRF 2026\\hcr_foundation_full_govind\\backend\\tests\\panValidation.test.ts","startTime":1787216850414,"status":"passed","summary":""},{"assertionResults":[{"ancestorTitles":["Pagination Utilities","parsePaginationQuery"],"duration":7,"failing":false,"failureDetails":[],"failureMessages":[],"fullName":"Pagination Utilities parsePaginationQuery should return defaults for empty query","invocations":1,"location":null,"numPassingAsserts":1,"retryReasons":[],"startAt":1787216863926,"status":"passed","title":"should return defaults for empty query"},{"ancestorTitles":["Pagination Utilities","parsePaginationQuery"],"duration":0,"failing":false,"failureDetails":[],"failureMessages":[],"fullName":"Pagination Utilities parsePaginationQuery should parse valid values correctly","invocations":1,"location":null,"numPassingAsserts":1,"retryReasons":[],"startAt":1787216863934,"status":"passed","title":"should parse valid values correctly"},{"ancestorTitles":["Pagination Utilities","parsePaginationQuery"],"duration":1,"failing":false,"failureDetails":[],"failureMessages":[],"fullName":"Pagination Utilities parsePaginationQuery should bound limit strictly between 1 and 100","invocations":1,"location":null,"numPassingAsserts":2,"retryReasons":[],"startAt":1787216863934,"status":"passed","title":"should bound limit strictly between 1 and 100"},{"ancestorTitles":["Pagination Utilities","formatPaginatedResponse"],"duration":1,"failing":false,"failureDetails":[],"failureMessages":[],"fullName":"Pagination Utilities formatPaginatedResponse should correctly format meta response","invocations":1,"location":null,"numPassingAsserts":1,"retryReasons":[],"startAt":1787216863935,"status":"passed","title":"should correctly format meta response"},{"ancestorTitles":["Pagination Utilities","getPrismaPagination"],"duration":1,"failing":false,"failureDetails":[],"failureMessages":[],"fullName":"Pagination Utilities getPrismaPagination should calculate skip and take","invocations":1,"location":null,"numPassingAsserts":1,"retryReasons":[],"startAt":1787216863936,"status":"passed","title":"should calculate skip and take"}],"endTime":1787216863938,"message":"","name":"C:\\Users\\Fayaz\\Sufipulseupdate2026\\HCRF 2026\\hcr_foundation_full_govind\\backend\\tests\\pagination.test.ts","startTime":1787216850451,"status":"passed","summary":""},{"assertionResults":[{"ancestorTitles":["IIIFService"],"duration":8,"failing":false,"failureDetails":[],"failureMessages":[],"fullName":"IIIFService should generate a valid IIIF Manifest 3.0 structure","invocations":1,"location":null,"numPassingAsserts":11,"retryReasons":[],"startAt":1787216864353,"status":"passed","title":"should generate a valid IIIF Manifest 3.0 structure"}],"endTime":1787216864363,"message":"","name":"C:\\Users\\Fayaz\\Sufipulseupdate2026\\HCRF 2026\\hcr_foundation_full_govind\\backend\\tests\\iiifService.test.ts","startTime":1787216850456,"status":"passed","summary":""},{"assertionResults":[],"coverage":{},"endTime":1787216867539,"message":"  ● Test suite failed to run\n\n    \u001b[96msrc/domain/publication/__tests__/PublicationProjection.test.ts\u001b[0m:\u001b[93m1\u001b[0m:\u001b[93m46\u001b[0m - \u001b[91merror\u001b[0m\u001b[90m TS2307: \u001b[0mCannot find module '../../services/PublicationProjectionService' or its corresponding type declarations.\n\n    \u001b[7m1\u001b[0m import { PublicationProjectionService } from '../../services/PublicationProjectionService';\n    \u001b[7m \u001b[0m \u001b[91m                                             ~~~~~~~~~~~~~~~~~~~~~~~~~~~~~~~~~~~~~~~~~~~~~\u001b[0m\n    \u001b[96msrc/domain/publication/__tests__/PublicationProjection.test.ts\u001b[0m:\u001b[93m2\u001b[0m:\u001b[93m35\u001b[0m - \u001b[91merror\u001b[0m\u001b[90m TS2307: \u001b[0mCannot find module '../../mappers/PublicationMapper' or its corresponding type declarations.\n\n    \u001b[7m2\u001b[0m import { PublicationMapper } from '../../mappers/PublicationMapper';\n    \u001b[7m \u001b[0m \u001b[91m                                  ~~~~~~~~~~~~~~~~~~~~~~~~~~~~~~~~~\u001b[0m\n    \u001b[96msrc/domain/publication/__tests__/PublicationProjection.test.ts\u001b[0m:\u001b[93m3\u001b[0m:\u001b[93m47\u001b[0m - \u001b[91merror\u001b[0m\u001b[90m TS2307: \u001b[0mCannot find module '../../services/DefaultCanonicalFieldResolver' or its corresponding type declarations.\n\n    \u001b[7m3\u001b[0m import { DefaultCanonicalFieldResolver } from '../../services/DefaultCanonicalFieldResolver';\n    \u001b[7m \u001b[0m \u001b[91m                                              ~~~~~~~~~~~~~~~~~~~~~~~~~~~~~~~~~~~~~~~~~~~~~~\u001b[0m\n    \u001b[96msrc/domain/publication/__tests__/PublicationProjection.test.ts\u001b[0m:\u001b[93m4\u001b[0m:\u001b[93m52\u001b[0m - \u001b[91merror\u001b[0m\u001b[90m TS2307: \u001b[0mCannot find module '../../services/DefaultPublicationVisibilityPolicy' or its corresponding type declarations.\n\n    \u001b[7m4\u001b[0m import { DefaultPublicationVisibilityPolicy } from '../../services/DefaultPublicationVisibilityPolicy';\n    \u001b[7m \u001b[0m \u001b[91m                                                   ~~~~~~~~~~~~~~~~~~~~~~~~~~~~~~~~~~~~~~~~~~~~~~~~~~~\u001b[0m\n    \u001b[96msrc/domain/publication/__tests__/PublicationProjection.test.ts\u001b[0m:\u001b[93m5\u001b[0m:\u001b[93m40\u001b[0m - \u001b[91merror\u001b[0m\u001b[90m TS2307: \u001b[0mCannot find module '../../services/DefaultEditionResolver' or its corresponding type declarations.\n\n    \u001b[7m5\u001b[0m import { DefaultEditionResolver } from '../../services/DefaultEditionResolver';\n    \u001b[7m \u001b[0m \u001b[91m                                       ~~~~~~~~~~~~~~~~~~~~~~~~~~~~~~~~~~~~~~~\u001b[0m\n    \u001b[96msrc/domain/publication/__tests__/PublicationProjection.test.ts\u001b[0m:\u001b[93m6\u001b[0m:\u001b[93m35\u001b[0m - \u001b[91merror\u001b[0m\u001b[90m TS2307: \u001b[0mCannot find module '../../telemetry/TelemetrySink' or its corresponding type declarations.\n\n    \u001b[7m6\u001b[0m import { NoOpTelemetrySink } from '../../telemetry/TelemetrySink';\n    \u001b[7m \u001b[0m \u001b[91m                                  ~~~~~~~~~~~~~~~~~~~~~~~~~~~~~~~\u001b[0m\n    \u001b[96msrc/domain/publication/__tests__/PublicationProjection.test.ts\u001b[0m:\u001b[93m7\u001b[0m:\u001b[93m38\u001b[0m - \u001b[91merror\u001b[0m\u001b[90m TS2307: \u001b[0mCannot find module '../../domain.types' or its corresponding type declarations.\n\n    \u001b[7m7\u001b[0m import { PublicationAggregate } from '../../domain.types';\n    \u001b[7m \u001b[0m \u001b[91m                                     ~~~~~~~~~~~~~~~~~~~~\u001b[0m\n    \u001b[96msrc/domain/publication/__tests__/PublicationProjection.test.ts\u001b[0m:\u001b[93m8\u001b[0m:\u001b[93m92\u001b[0m - \u001b[91merror\u001b[0m\u001b[90m TS2307: \u001b[0mCannot find module '../../domain.errors' or its corresponding type declarations.\n\n    \u001b[7m8\u001b[0m import { PublicationNotVisibleError, CanonicalResolutionError, EditionConflictError } from '../../domain.errors';\n    \u001b[7m \u001b[0m \u001b[91m                                                                                           ~~~~~~~~~~~~~~~~~~~~~\u001b[0m\n","name":"C:\\Users\\Fayaz\\Sufipulseupdate2026\\HCRF 2026\\hcr_foundation_full_govind\\backend\\src\\domain\\publication\\__tests__\\PublicationProjection.test.ts","startTime":1787216867539,"status":"failed","summary":""},{"assertionResults":[{"ancestorTitles":["Knowledge API Endpoints","GET /api/knowledge"],"duration":114,"failing":false,"failureDetails":[{"matcherResult":{"actual":500,"expected":200,"message":"expect(received).toBe(expected) // Object.is equality\n\nExpected: 200\nReceived: 500","name":"toBe","pass":false}}],"failureMessages":["Error: expect(received).toBe(expected) // Object.is equality\n\nExpected: 200\nReceived: 500\n    at Object.<anonymous> (C:\\Users\\Fayaz\\Sufipulseupdate2026\\HCRF 2026\\hcr_foundation_full_govind\\backend\\src\\__tests__\\knowledge.test.ts:37:26)\n    at processTicksAndRejections (node:internal/process/task_queues:104:5)"],"fullName":"Knowledge API Endpoints GET /api/knowledge should return a list of knowledge domains with pagination","invocations":1,"location":null,"numPassingAsserts":0,"retryReasons":[],"startAt":1787216864215,"status":"failed","title":"should return a list of knowledge domains with pagination"},{"ancestorTitles":["Knowledge API Endpoints","GET /api/knowledge"],"duration":15,"failing":false,"failureDetails":[],"failureMessages":[],"fullName":"Knowledge API Endpoints GET /api/knowledge should validate query parameters using Zod","invocations":1,"location":null,"numPassingAsserts":3,"retryReasons":[],"startAt":1787216864336,"status":"passed","title":"should validate query parameters using Zod"},{"ancestorTitles":["Knowledge API Endpoints","GET /api/knowledge/:slug"],"duration":16,"failing":false,"failureDetails":[{"matcherResult":{"actual":500,"expected":200,"message":"expect(received).toBe(expected) // Object.is equality\n\nExpected: 200\nReceived: 500","name":"toBe","pass":false}}],"failureMessages":["Error: expect(received).toBe(expected) // Object.is equality\n\nExpected: 200\nReceived: 500\n    at Object.<anonymous> (C:\\Users\\Fayaz\\Sufipulseupdate2026\\HCRF 2026\\hcr_foundation_full_govind\\backend\\src\\__tests__\\knowledge.test.ts:59:26)\n    at processTicksAndRejections (node:internal/process/task_queues:104:5)"],"fullName":"Knowledge API Endpoints GET /api/knowledge/:slug should return a single knowledge domain by slug","invocations":1,"location":null,"numPassingAsserts":0,"retryReasons":[],"startAt":1787216864352,"status":"failed","title":"should return a single knowledge domain by slug"},{"ancestorTitles":["Knowledge API Endpoints","GET /api/knowledge/:slug"],"duration":15,"failing":false,"failureDetails":[{"matcherResult":{"actual":500,"expected":404,"message":"expect(received).toBe(expected) // Object.is equality\n\nExpected: 404\nReceived: 500","name":"toBe","pass":false}}],"failureMessages":["Error: expect(received).toBe(expected) // Object.is equality\n\nExpected: 404\nReceived: 500\n    at Object.<anonymous> (C:\\Users\\Fayaz\\Sufipulseupdate2026\\HCRF 2026\\hcr_foundation_full_govind\\backend\\src\\__tests__\\knowledge.test.ts:69:26)\n    at processTicksAndRejections (node:internal/process/task_queues:104:5)"],"fullName":"Knowledge API Endpoints GET /api/knowledge/:slug should return 404 if knowledge domain is not found","invocations":1,"location":null,"numPassingAsserts":0,"retryReasons":[],"startAt":1787216864371,"status":"failed","title":"should return 404 if knowledge domain is not found"}],"endTime":1787216864425,"message":"  ● Knowledge API Endpoints › GET /api/knowledge › should return a list of knowledge domains with pagination\n\n    expect(received).toBe(expected) // Object.is equality\n\n    Expected: 200\n    Received: 500\n\n    \u001b[0m \u001b[90m 35 |\u001b[39m       \u001b[36mconst\u001b[39m res \u001b[33m=\u001b[39m \u001b[36mawait\u001b[39m request(app)\u001b[33m.\u001b[39m\u001b[36mget\u001b[39m(\u001b[32m'/api/knowledge?page=1&limit=10'\u001b[39m)\u001b[33m;\u001b[39m\n     \u001b[90m 36 |\u001b[39m       \n    \u001b[31m\u001b[1m>\u001b[22m\u001b[39m\u001b[90m 37 |\u001b[39m       expect(res\u001b[33m.\u001b[39mstatus)\u001b[33m.\u001b[39mtoBe(\u001b[35m200\u001b[39m)\u001b[33m;\u001b[39m\n     \u001b[90m    |\u001b[39m                          \u001b[31m\u001b[1m^\u001b[22m\u001b[39m\n     \u001b[90m 38 |\u001b[39m       expect(res\u001b[33m.\u001b[39mbody\u001b[33m.\u001b[39mstatus)\u001b[33m.\u001b[39mtoBe(\u001b[32m'success'\u001b[39m)\u001b[33m;\u001b[39m\n     \u001b[90m 39 |\u001b[39m       expect(res\u001b[33m.\u001b[39mbody\u001b[33m.\u001b[39mdata)\u001b[33m.\u001b[39mtoEqual(mockData)\u001b[33m;\u001b[39m\n     \u001b[90m 40 |\u001b[39m       expect(res\u001b[33m.\u001b[39mbody\u001b[33m.\u001b[39mpagination\u001b[33m.\u001b[39mtotal)\u001b[33m.\u001b[39mtoBe(\u001b[35m1\u001b[39m)\u001b[33m;\u001b[39m\u001b[0m\n\n      at Object.<anonymous> (src/__tests__/knowledge.test.ts:37:26)\n\n  ● Knowledge API Endpoints › GET /api/knowledge/:slug › should return a single knowledge domain by slug\n\n    expect(received).toBe(expected) // Object.is equality\n\n    Expected: 200\n    Received: 500\n\n    \u001b[0m \u001b[90m 57 |\u001b[39m       \u001b[36mconst\u001b[39m res \u001b[33m=\u001b[39m \u001b[36mawait\u001b[39m request(app)\u001b[33m.\u001b[39m\u001b[36mget\u001b[39m(\u001b[32m'/api/knowledge/test-1'\u001b[39m)\u001b[33m;\u001b[39m\n     \u001b[90m 58 |\u001b[39m       \n    \u001b[31m\u001b[1m>\u001b[22m\u001b[39m\u001b[90m 59 |\u001b[39m       expect(res\u001b[33m.\u001b[39mstatus)\u001b[33m.\u001b[39mtoBe(\u001b[35m200\u001b[39m)\u001b[33m;\u001b[39m\n     \u001b[90m    |\u001b[39m                          \u001b[31m\u001b[1m^\u001b[22m\u001b[39m\n     \u001b[90m 60 |\u001b[39m       expect(res\u001b[33m.\u001b[39mbody\u001b[33m.\u001b[39mstatus)\u001b[33m.\u001b[39mtoBe(\u001b[32m'success'\u001b[39m)\u001b[33m;\u001b[39m\n     \u001b[90m 61 |\u001b[39m       expect(res\u001b[33m.\u001b[39mbody\u001b[33m.\u001b[39mdata)\u001b[33m.\u001b[39mtoEqual(mockEntity)\u001b[33m;\u001b[39m\n     \u001b[90m 62 |\u001b[39m     })\u001b[33m;\u001b[39m\u001b[0m\n\n      at Object.<anonymous> (src/__tests__/knowledge.test.ts:59:26)\n\n  ● Knowledge API Endpoints › GET /api/knowledge/:slug › should return 404 if knowledge domain is not found\n\n    expect(received).toBe(expected) // Object.is equality\n\n    Expected: 404\n    Received: 500\n\n    \u001b[0m \u001b[90m 67 |\u001b[39m       \u001b[36mconst\u001b[39m res \u001b[33m=\u001b[39m \u001b[36mawait\u001b[39m request(app)\u001b[33m.\u001b[39m\u001b[36mget\u001b[39m(\u001b[32m'/api/knowledge/non-existent'\u001b[39m)\u001b[33m;\u001b[39m\n     \u001b[90m 68 |\u001b[39m       \n    \u001b[31m\u001b[1m>\u001b[22m\u001b[39m\u001b[90m 69 |\u001b[39m       expect(res\u001b[33m.\u001b[39mstatus)\u001b[33m.\u001b[39mtoBe(\u001b[35m404\u001b[39m)\u001b[33m;\u001b[39m\n     \u001b[90m    |\u001b[39m                          \u001b[31m\u001b[1m^\u001b[22m\u001b[39m\n     \u001b[90m 70 |\u001b[39m       expect(res\u001b[33m.\u001b[39mbody\u001b[33m.\u001b[39mstatus)\u001b[33m.\u001b[39mtoBe(\u001b[32m'error'\u001b[39m)\u001b[33m;\u001b[39m\n     \u001b[90m 71 |\u001b[39m       expect(res\u001b[33m.\u001b[39mbody\u001b[33m.\u001b[39mmessage)\u001b[33m.\u001b[39mtoBe(\u001b[32m'Entity not found'\u001b[39m)\u001b[33m;\u001b[39m\n     \u001b[90m 72 |\u001b[39m     })\u001b[33m;\u001b[39m\u001b[0m\n\n      at Object.<anonymous> (src/__tests__/knowledge.test.ts:69:26)\n","name":"C:\\Users\\Fayaz\\Sufipulseupdate2026\\HCRF 2026\\hcr_foundation_full_govind\\backend\\src\\__tests__\\knowledge.test.ts","startTime":1787216850435,"status":"failed","summary":""},{"assertionResults":[{"ancestorTitles":["SkcClassificationService","preview"],"duration":8,"failing":false,"failureDetails":[],"failureMessages":[],"fullName":"SkcClassificationService preview returns affected, blocked, and missing counts correctly","invocations":1,"location":null,"numPassingAsserts":5,"retryReasons":[],"startAt":1787216864414,"status":"passed","title":"returns affected, blocked, and missing counts correctly"},{"ancestorTitles":["SkcClassificationService","preview"],"duration":1,"failing":false,"failureDetails":[],"failureMessages":[],"fullName":"SkcClassificationService preview marks PRODUCTION→PRODUCTION as blocked","invocations":1,"location":null,"numPassingAsserts":2,"retryReasons":[],"startAt":1787216864423,"status":"passed","title":"marks PRODUCTION→PRODUCTION as blocked"},{"ancestorTitles":["SkcClassificationService","submit — stale preview detection"],"duration":1,"failing":false,"failureDetails":[],"failureMessages":[],"fullName":"SkcClassificationService submit — stale preview detection rejects STALE_PREVIEW when a record updatedAt changes between preview and confirm","invocations":1,"location":null,"numPassingAsserts":3,"retryReasons":[],"startAt":1787216864424,"status":"passed","title":"rejects STALE_PREVIEW when a record updatedAt changes between preview and confirm"},{"ancestorTitles":["SkcClassificationService","submit — stale preview detection"],"duration":1,"failing":false,"failureDetails":[],"failureMessages":[],"fullName":"SkcClassificationService submit — stale preview detection rejects STALE_PREVIEW when provenance changes between preview and confirm","invocations":1,"location":null,"numPassingAsserts":2,"retryReasons":[],"startAt":1787216864425,"status":"passed","title":"rejects STALE_PREVIEW when provenance changes between preview and confirm"},{"ancestorTitles":["SkcClassificationService","submit — stale preview detection"],"duration":1,"failing":false,"failureDetails":[],"failureMessages":[],"fullName":"SkcClassificationService submit — stale preview detection rejects STALE_PREVIEW when only updatedAt changes (provenance unchanged)","invocations":1,"location":null,"numPassingAsserts":2,"retryReasons":[],"startAt":1787216864426,"status":"passed","title":"rejects STALE_PREVIEW when only updatedAt changes (provenance unchanged)"},{"ancestorTitles":["SkcClassificationService","submit — idempotency"],"duration":1,"failing":false,"failureDetails":[],"failureMessages":[],"fullName":"SkcClassificationService submit — idempotency returns idempotent result when same key is submitted again","invocations":1,"location":null,"numPassingAsserts":3,"retryReasons":[],"startAt":1787216864427,"status":"passed","title":"returns idempotent result when same key is submitted again"},{"ancestorTitles":["SkcClassificationService","submit — idempotency"],"duration":1,"failing":false,"failureDetails":[],"failureMessages":[],"fullName":"SkcClassificationService submit — idempotency throws IDEMPOTENCY_KEY_REUSED when same key used with different payload","invocations":1,"location":null,"numPassingAsserts":3,"retryReasons":[],"startAt":1787216864428,"status":"passed","title":"throws IDEMPOTENCY_KEY_REUSED when same key used with different payload"},{"ancestorTitles":["SkcClassificationService","architectural — controller has no direct Prisma access"],"duration":1,"failing":false,"failureDetails":[],"failureMessages":[],"fullName":"SkcClassificationService architectural — controller has no direct Prisma access controller module source does not import PrismaClient or call prisma directly","invocations":1,"location":null,"numPassingAsserts":2,"retryReasons":[],"startAt":1787216864429,"status":"passed","title":"controller module source does not import PrismaClient or call prisma directly"}],"endTime":1787216864431,"message":"","name":"C:\\Users\\Fayaz\\Sufipulseupdate2026\\HCRF 2026\\hcr_foundation_full_govind\\backend\\src\\__tests__\\skcClassification.service.test.ts","startTime":1787216850456,"status":"passed","summary":""},{"assertionResults":[{"ancestorTitles":["MasterArtisanFeatureController"],"duration":97,"failing":false,"failureDetails":[],"failureMessages":[],"fullName":"MasterArtisanFeatureController Create valid feature","invocations":1,"location":null,"numPassingAsserts":1,"retryReasons":[],"startAt":1787216864218,"status":"passed","title":"Create valid feature"},{"ancestorTitles":["MasterArtisanFeatureController"],"duration":12,"failing":false,"failureDetails":[],"failureMessages":[],"fullName":"MasterArtisanFeatureController Reject invalid artisan / story missing","invocations":1,"location":null,"numPassingAsserts":1,"retryReasons":[],"startAt":1787216864316,"status":"passed","title":"Reject invalid artisan / story missing"},{"ancestorTitles":["MasterArtisanFeatureController"],"duration":13,"failing":false,"failureDetails":[],"failureMessages":[],"fullName":"MasterArtisanFeatureController Reject exact overlap","invocations":1,"location":null,"numPassingAsserts":1,"retryReasons":[],"startAt":1787216864328,"status":"passed","title":"Reject exact overlap"},{"ancestorTitles":["MasterArtisanFeatureController"],"duration":11,"failing":false,"failureDetails":[],"failureMessages":[],"fullName":"MasterArtisanFeatureController Reject partial overlap","invocations":1,"location":null,"numPassingAsserts":1,"retryReasons":[],"startAt":1787216864341,"status":"passed","title":"Reject partial overlap"},{"ancestorTitles":["MasterArtisanFeatureController"],"duration":10,"failing":false,"failureDetails":[],"failureMessages":[],"fullName":"MasterArtisanFeatureController Reject contained overlap","invocations":1,"location":null,"numPassingAsserts":1,"retryReasons":[],"startAt":1787216864352,"status":"passed","title":"Reject contained overlap"},{"ancestorTitles":["MasterArtisanFeatureController"],"duration":23,"failing":false,"failureDetails":[],"failureMessages":[],"fullName":"MasterArtisanFeatureController Permit adjacent periods","invocations":1,"location":null,"numPassingAsserts":1,"retryReasons":[],"startAt":1787216864362,"status":"passed","title":"Permit adjacent periods"},{"ancestorTitles":["MasterArtisanFeatureController"],"duration":15,"failing":false,"failureDetails":[],"failureMessages":[],"fullName":"MasterArtisanFeatureController Handle open-ended periods","invocations":1,"location":null,"numPassingAsserts":1,"retryReasons":[],"startAt":1787216864385,"status":"passed","title":"Handle open-ended periods"},{"ancestorTitles":["MasterArtisanFeatureController"],"duration":9,"failing":false,"failureDetails":[],"failureMessages":[],"fullName":"MasterArtisanFeatureController Reject reversed dates","invocations":1,"location":null,"numPassingAsserts":0,"retryReasons":[],"startAt":1787216864400,"status":"passed","title":"Reject reversed dates"},{"ancestorTitles":["MasterArtisanFeatureController"],"duration":9,"failing":false,"failureDetails":[],"failureMessages":[],"fullName":"MasterArtisanFeatureController Reject stale version","invocations":1,"location":null,"numPassingAsserts":1,"retryReasons":[],"startAt":1787216864410,"status":"passed","title":"Reject stale version"},{"ancestorTitles":["MasterArtisanFeatureController"],"duration":16,"failing":false,"failureDetails":[],"failureMessages":[],"fullName":"MasterArtisanFeatureController Expire feature","invocations":1,"location":null,"numPassingAsserts":1,"retryReasons":[],"startAt":1787216864420,"status":"passed","title":"Expire feature"},{"ancestorTitles":["MasterArtisanFeatureController"],"duration":9,"failing":false,"failureDetails":[],"failureMessages":[],"fullName":"MasterArtisanFeatureController Convert serialization conflict to 409","invocations":1,"location":null,"numPassingAsserts":2,"retryReasons":[],"startAt":1787216864436,"status":"passed","title":"Convert serialization conflict to 409"}],"endTime":1787216864447,"message":"","name":"C:\\Users\\Fayaz\\Sufipulseupdate2026\\HCRF 2026\\hcr_foundation_full_govind\\backend\\src\\tests\\controllers\\masterArtisanFeatureController.test.ts","startTime":1787216850481,"status":"passed","summary":""},{"assertionResults":[],"coverage":{},"endTime":1787216867539,"message":"  ● Test suite failed to run\n\n    \u001b[96msrc/domain/publication/__tests__/PublicationMapper.test.ts\u001b[0m:\u001b[93m1\u001b[0m:\u001b[93m35\u001b[0m - \u001b[91merror\u001b[0m\u001b[90m TS2307: \u001b[0mCannot find module '../../mappers/PublicationMapper' or its corresponding type declarations.\n\n    \u001b[7m1\u001b[0m import { PublicationMapper } from '../../mappers/PublicationMapper';\n    \u001b[7m \u001b[0m \u001b[91m                                  ~~~~~~~~~~~~~~~~~~~~~~~~~~~~~~~~~\u001b[0m\n    \u001b[96msrc/domain/publication/__tests__/PublicationMapper.test.ts\u001b[0m:\u001b[93m2\u001b[0m:\u001b[93m47\u001b[0m - \u001b[91merror\u001b[0m\u001b[90m TS2307: \u001b[0mCannot find module '../../services/DefaultCanonicalFieldResolver' or its corresponding type declarations.\n\n    \u001b[7m2\u001b[0m import { DefaultCanonicalFieldResolver } from '../../services/DefaultCanonicalFieldResolver';\n    \u001b[7m \u001b[0m \u001b[91m                                              ~~~~~~~~~~~~~~~~~~~~~~~~~~~~~~~~~~~~~~~~~~~~~~\u001b[0m\n    \u001b[96msrc/domain/publication/__tests__/PublicationMapper.test.ts\u001b[0m:\u001b[93m3\u001b[0m:\u001b[93m52\u001b[0m - \u001b[91merror\u001b[0m\u001b[90m TS2307: \u001b[0mCannot find module '../../services/DefaultPublicationVisibilityPolicy' or its corresponding type declarations.\n\n    \u001b[7m3\u001b[0m import { DefaultPublicationVisibilityPolicy } from '../../services/DefaultPublicationVisibilityPolicy';\n    \u001b[7m \u001b[0m \u001b[91m                                                   ~~~~~~~~~~~~~~~~~~~~~~~~~~~~~~~~~~~~~~~~~~~~~~~~~~~\u001b[0m\n    \u001b[96msrc/domain/publication/__tests__/PublicationMapper.test.ts\u001b[0m:\u001b[93m4\u001b[0m:\u001b[93m40\u001b[0m - \u001b[91merror\u001b[0m\u001b[90m TS2307: \u001b[0mCannot find module '../../services/DefaultEditionResolver' or its corresponding type declarations.\n\n    \u001b[7m4\u001b[0m import { DefaultEditionResolver } from '../../services/DefaultEditionResolver';\n    \u001b[7m \u001b[0m \u001b[91m                                       ~~~~~~~~~~~~~~~~~~~~~~~~~~~~~~~~~~~~~~~\u001b[0m\n    \u001b[96msrc/domain/publication/__tests__/PublicationMapper.test.ts\u001b[0m:\u001b[93m5\u001b[0m:\u001b[93m38\u001b[0m - \u001b[91merror\u001b[0m\u001b[90m TS2307: \u001b[0mCannot find module '../../domain.types' or its corresponding type declarations.\n\n    \u001b[7m5\u001b[0m import { PublicationAggregate } from '../../domain.types';\n    \u001b[7m \u001b[0m \u001b[91m                                     ~~~~~~~~~~~~~~~~~~~~\u001b[0m\n    \u001b[96msrc/domain/publication/__tests__/PublicationMapper.test.ts\u001b[0m:\u001b[93m86\u001b[0m:\u001b[93m69\u001b[0m - \u001b[91merror\u001b[0m\u001b[90m TS2339: \u001b[0mProperty 'toThrowError' does not exist on type 'JestMatchers<() => any>'.\n\n    \u001b[7m86\u001b[0m     expect(() => mapper.toPublicDetailV1(draftAggregate, 'req-id')).toThrowError(/Mapper Invariant Violation/);\n    \u001b[7m  \u001b[0m \u001b[91m                                                                    ~~~~~~~~~~~~\u001b[0m\n","name":"C:\\Users\\Fayaz\\Sufipulseupdate2026\\HCRF 2026\\hcr_foundation_full_govind\\backend\\src\\domain\\publication\\__tests__\\PublicationMapper.test.ts","startTime":1787216867539,"status":"failed","summary":""},{"assertionResults":[{"ancestorTitles":["MasterArtisanIssueController"],"duration":59,"failing":false,"failureDetails":[],"failureMessages":[],"fullName":"MasterArtisanIssueController Add story","invocations":1,"location":null,"numPassingAsserts":1,"retryReasons":[],"startAt":1787216864589,"status":"passed","title":"Add story"},{"ancestorTitles":["MasterArtisanIssueController"],"duration":16,"failing":false,"failureDetails":[],"failureMessages":[],"fullName":"MasterArtisanIssueController Reject duplicate assignment","invocations":1,"location":null,"numPassingAsserts":2,"retryReasons":[],"startAt":1787216864649,"status":"passed","title":"Reject duplicate assignment"},{"ancestorTitles":["MasterArtisanIssueController"],"duration":12,"failing":false,"failureDetails":[],"failureMessages":[],"fullName":"MasterArtisanIssueController Remove story","invocations":1,"location":null,"numPassingAsserts":1,"retryReasons":[],"startAt":1787216864665,"status":"passed","title":"Remove story"},{"ancestorTitles":["MasterArtisanIssueController"],"duration":14,"failing":false,"failureDetails":[],"failureMessages":[],"fullName":"MasterArtisanIssueController Persist reorder","invocations":1,"location":null,"numPassingAsserts":2,"retryReasons":[],"startAt":1787216864677,"status":"passed","title":"Persist reorder"},{"ancestorTitles":["MasterArtisanIssueController"],"duration":10,"failing":false,"failureDetails":[],"failureMessages":[],"fullName":"MasterArtisanIssueController Reject invalid reorder IDs","invocations":1,"location":null,"numPassingAsserts":1,"retryReasons":[],"startAt":1787216864691,"status":"passed","title":"Reject invalid reorder IDs"},{"ancestorTitles":["MasterArtisanIssueController"],"duration":8,"failing":false,"failureDetails":[],"failureMessages":[],"fullName":"MasterArtisanIssueController Set cover story","invocations":1,"location":null,"numPassingAsserts":2,"retryReasons":[],"startAt":1787216864702,"status":"passed","title":"Set cover story"},{"ancestorTitles":["MasterArtisanIssueController"],"duration":15,"failing":false,"failureDetails":[],"failureMessages":[],"fullName":"MasterArtisanIssueController Replace cover story","invocations":1,"location":null,"numPassingAsserts":1,"retryReasons":[],"startAt":1787216864710,"status":"passed","title":"Replace cover story"},{"ancestorTitles":["MasterArtisanIssueController"],"duration":1,"failing":false,"failureDetails":[],"failureMessages":[],"fullName":"MasterArtisanIssueController Ensure only one cover story","invocations":1,"location":null,"numPassingAsserts":1,"retryReasons":[],"startAt":1787216864727,"status":"passed","title":"Ensure only one cover story"},{"ancestorTitles":["MasterArtisanIssueController"],"duration":10,"failing":false,"failureDetails":[],"failureMessages":[],"fullName":"MasterArtisanIssueController Reject cover story not assigned to issue","invocations":1,"location":null,"numPassingAsserts":1,"retryReasons":[],"startAt":1787216864729,"status":"passed","title":"Reject cover story not assigned to issue"},{"ancestorTitles":["MasterArtisanIssueController"],"duration":7,"failing":false,"failureDetails":[],"failureMessages":[],"fullName":"MasterArtisanIssueController Handle removal of current cover story","invocations":1,"location":null,"numPassingAsserts":1,"retryReasons":[],"startAt":1787216864739,"status":"passed","title":"Handle removal of current cover story"},{"ancestorTitles":["MasterArtisanIssueController"],"duration":1,"failing":false,"failureDetails":[],"failureMessages":[],"fullName":"MasterArtisanIssueController Exclude draft or archived stories publicly","invocations":1,"location":null,"numPassingAsserts":1,"retryReasons":[],"startAt":1787216864746,"status":"passed","title":"Exclude draft or archived stories publicly"}],"endTime":1787216864749,"message":"","name":"C:\\Users\\Fayaz\\Sufipulseupdate2026\\HCRF 2026\\hcr_foundation_full_govind\\backend\\src\\tests\\controllers\\masterArtisanIssueController.test.ts","startTime":1787216850473,"status":"passed","summary":""},{"assertionResults":[{"ancestorTitles":["MasterArtisanSeriesController"],"duration":64,"failing":false,"failureDetails":[],"failureMessages":[],"fullName":"MasterArtisanSeriesController Create series","invocations":1,"location":null,"numPassingAsserts":1,"retryReasons":[],"startAt":1787216864589,"status":"passed","title":"Create series"},{"ancestorTitles":["MasterArtisanSeriesController"],"duration":22,"failing":false,"failureDetails":[],"failureMessages":[],"fullName":"MasterArtisanSeriesController Update with current version","invocations":1,"location":null,"numPassingAsserts":1,"retryReasons":[],"startAt":1787216864654,"status":"passed","title":"Update with current version"},{"ancestorTitles":["MasterArtisanSeriesController"],"duration":11,"failing":false,"failureDetails":[],"failureMessages":[],"fullName":"MasterArtisanSeriesController Reject stale version","invocations":1,"location":null,"numPassingAsserts":1,"retryReasons":[],"startAt":1787216864677,"status":"passed","title":"Reject stale version"},{"ancestorTitles":["MasterArtisanSeriesController"],"duration":15,"failing":false,"failureDetails":[],"failureMessages":[],"fullName":"MasterArtisanSeriesController Add installment","invocations":1,"location":null,"numPassingAsserts":1,"retryReasons":[],"startAt":1787216864688,"status":"passed","title":"Add installment"},{"ancestorTitles":["MasterArtisanSeriesController"],"duration":9,"failing":false,"failureDetails":[],"failureMessages":[],"fullName":"MasterArtisanSeriesController Reject duplicate installment","invocations":1,"location":null,"numPassingAsserts":2,"retryReasons":[],"startAt":1787216864703,"status":"passed","title":"Reject duplicate installment"},{"ancestorTitles":["MasterArtisanSeriesController"],"duration":8,"failing":false,"failureDetails":[],"failureMessages":[],"fullName":"MasterArtisanSeriesController Remove installment","invocations":1,"location":null,"numPassingAsserts":1,"retryReasons":[],"startAt":1787216864713,"status":"passed","title":"Remove installment"},{"ancestorTitles":["MasterArtisanSeriesController"],"duration":13,"failing":false,"failureDetails":[],"failureMessages":[],"fullName":"MasterArtisanSeriesController Persist reordered installments","invocations":1,"location":null,"numPassingAsserts":2,"retryReasons":[],"startAt":1787216864721,"status":"passed","title":"Persist reordered installments"},{"ancestorTitles":["MasterArtisanSeriesController"],"duration":13,"failing":false,"failureDetails":[],"failureMessages":[],"fullName":"MasterArtisanSeriesController Archive series","invocations":1,"location":null,"numPassingAsserts":1,"retryReasons":[],"startAt":1787216864735,"status":"passed","title":"Archive series"},{"ancestorTitles":["MasterArtisanSeriesController"],"duration":15,"failing":false,"failureDetails":[],"failureMessages":[],"fullName":"MasterArtisanSeriesController Exclude archived series publicly","invocations":1,"location":null,"numPassingAsserts":1,"retryReasons":[],"startAt":1787216864749,"status":"passed","title":"Exclude archived series publicly"}],"endTime":1787216864767,"message":"","name":"C:\\Users\\Fayaz\\Sufipulseupdate2026\\HCRF 2026\\hcr_foundation_full_govind\\backend\\src\\tests\\controllers\\masterArtisanSeriesController.test.ts","startTime":1787216850457,"status":"passed","summary":""},{"assertionResults":[{"ancestorTitles":["PublicationWriteService"],"duration":295,"failing":false,"failureDetails":[{"name":"ZodError","message":"[\n  {\n    \"origin\": \"string\",\n    \"code\": \"invalid_format\",\n    \"format\": \"cuid\",\n    \"pattern\": \"/^[cC][0-9a-z]{6,}$/\",\n    \"path\": [\n      \"publicationId\"\n    ],\n    \"message\": \"Invalid cuid\"\n  },\n  {\n    \"origin\": \"string\",\n    \"code\": \"invalid_format\",\n    \"format\": \"cuid\",\n    \"pattern\": \"/^[cC][0-9a-z]{6,}$/\",\n    \"path\": [\n      \"userId\"\n    ],\n    \"message\": \"Invalid cuid\"\n  }\n]"}],"failureMessages":["ZodError: [\n  {\n    \"origin\": \"string\",\n    \"code\": \"invalid_format\",\n    \"format\": \"cuid\",\n    \"pattern\": \"/^[cC][0-9a-z]{6,}$/\",\n    \"path\": [\n      \"publicationId\"\n    ],\n    \"message\": \"Invalid cuid\"\n  },\n  {\n    \"origin\": \"string\",\n    \"code\": \"invalid_format\",\n    \"format\": \"cuid\",\n    \"pattern\": \"/^[cC][0-9a-z]{6,}$/\",\n    \"path\": [\n      \"userId\"\n    ],\n    \"message\": \"Invalid cuid\"\n  }\n]\n    at PublicationWriteService.updateTitle (C:\\Users\\Fayaz\\Sufipulseupdate2026\\HCRF 2026\\hcr_foundation_full_govind\\backend\\src\\domain\\publication\\services\\PublicationWriteService.ts:20:59)\n    at Object.<anonymous> (C:\\Users\\Fayaz\\Sufipulseupdate2026\\HCRF 2026\\hcr_foundation_full_govind\\backend\\src\\domain\\publication\\services\\PublicationWriteService.test.ts:24:19)\n    at processTicksAndRejections (node:internal/process/task_queues:104:5)"],"fullName":"PublicationWriteService should successfully update title and increment revision","invocations":1,"location":null,"numPassingAsserts":0,"retryReasons":[],"startAt":1787216864552,"status":"failed","title":"should successfully update title and increment revision"},{"ancestorTitles":["PublicationWriteService"],"duration":24,"failing":false,"failureDetails":[{"matcherResult":{"message":"expect(received).rejects.toThrow(expected)\n\nExpected constructor: OptimisticLockError\nReceived constructor: ZodError\n\nReceived message: \"[\n  {\n    \\\"origin\\\": \\\"string\\\",\n    \\\"code\\\": \\\"invalid_format\\\",\n    \\\"format\\\": \\\"cuid\\\",\n    \\\"pattern\\\": \\\"/^[cC][0-9a-z]{6,}$/\\\",\n    \\\"path\\\": [\n      \\\"publicationId\\\"\n    ],\n    \\\"message\\\": \\\"Invalid cuid\\\"\n  },\n  {\n    \\\"origin\\\": \\\"string\\\",\n    \\\"code\\\": \\\"invalid_format\\\",\n    \\\"format\\\": \\\"cuid\\\",\n    \\\"pattern\\\": \\\"/^[cC][0-9a-z]{6,}$/\\\",\n    \\\"path\\\": [\n      \\\"userId\\\"\n    ],\n    \\\"message\\\": \\\"Invalid cuid\\\"\n  }\n]\"\n\n    \u001b[0m \u001b[90m 18 |\u001b[39m   \u001b[36mpublic\u001b[39m \u001b[36masync\u001b[39m updateTitle(command\u001b[33m:\u001b[39m \u001b[33mUpdatePublicationTitleCommand\u001b[39m)\u001b[33m:\u001b[39m \u001b[33mPromise\u001b[39m\u001b[33m<\u001b[39m\u001b[36mvoid\u001b[39m\u001b[33m>\u001b[39m {\n     \u001b[90m 19 |\u001b[39m     \u001b[90m// 1. Validate payload boundary\u001b[39m\n    \u001b[31m\u001b[1m>\u001b[22m\u001b[39m\u001b[90m 20 |\u001b[39m     \u001b[36mconst\u001b[39m validated \u001b[33m=\u001b[39m \u001b[33mUpdatePublicationTitleCommandSchema\u001b[39m\u001b[33m.\u001b[39mparse(command)\u001b[33m;\u001b[39m\n     \u001b[90m    |\u001b[39m                                                           \u001b[31m\u001b[1m^\u001b[22m\u001b[39m\n     \u001b[90m 21 |\u001b[39m\n     \u001b[90m 22 |\u001b[39m     \u001b[90m// The transaction isolation level ensures safety, but we want the DB uniqueness constraint\u001b[39m\n     \u001b[90m 23 |\u001b[39m     \u001b[90m// to be the absolute authority for idempotency, avoiding read-modify-write race conditions.\u001b[39m\u001b[0m\n\n      at PublicationWriteService.updateTitle (src/domain/publication/services/PublicationWriteService.ts:20:59)\n      at Object.<anonymous> (src/domain/publication/services/PublicationWriteService.test.ts:47:26)","pass":false},"message":"expect(received).rejects.toThrow(expected)\n\nExpected constructor: OptimisticLockError\nReceived constructor: ZodError\n\nReceived message: \"[\n  {\n    \\\"origin\\\": \\\"string\\\",\n    \\\"code\\\": \\\"invalid_format\\\",\n    \\\"format\\\": \\\"cuid\\\",\n    \\\"pattern\\\": \\\"/^[cC][0-9a-z]{6,}$/\\\",\n    \\\"path\\\": [\n      \\\"publicationId\\\"\n    ],\n    \\\"message\\\": \\\"Invalid cuid\\\"\n  },\n  {\n    \\\"origin\\\": \\\"string\\\",\n    \\\"code\\\": \\\"invalid_format\\\",\n    \\\"format\\\": \\\"cuid\\\",\n    \\\"pattern\\\": \\\"/^[cC][0-9a-z]{6,}$/\\\",\n    \\\"path\\\": [\n      \\\"userId\\\"\n    ],\n    \\\"message\\\": \\\"Invalid cuid\\\"\n  }\n]\"\n\n    \u001b[0m \u001b[90m 18 |\u001b[39m   \u001b[36mpublic\u001b[39m \u001b[36masync\u001b[39m updateTitle(command\u001b[33m:\u001b[39m \u001b[33mUpdatePublicationTitleCommand\u001b[39m)\u001b[33m:\u001b[39m \u001b[33mPromise\u001b[39m\u001b[33m<\u001b[39m\u001b[36mvoid\u001b[39m\u001b[33m>\u001b[39m {\n     \u001b[90m 19 |\u001b[39m     \u001b[90m// 1. Validate payload boundary\u001b[39m\n    \u001b[31m\u001b[1m>\u001b[22m\u001b[39m\u001b[90m 20 |\u001b[39m     \u001b[36mconst\u001b[39m validated \u001b[33m=\u001b[39m \u001b[33mUpdatePublicationTitleCommandSchema\u001b[39m\u001b[33m.\u001b[39mparse(command)\u001b[33m;\u001b[39m\n     \u001b[90m    |\u001b[39m                                                           \u001b[31m\u001b[1m^\u001b[22m\u001b[39m\n     \u001b[90m 21 |\u001b[39m\n     \u001b[90m 22 |\u001b[39m     \u001b[90m// The transaction isolation level ensures safety, but we want the DB uniqueness constraint\u001b[39m\n     \u001b[90m 23 |\u001b[39m     \u001b[90m// to be the absolute authority for idempotency, avoiding read-modify-write race conditions.\u001b[39m\u001b[0m\n\n      at PublicationWriteService.updateTitle (src/domain/publication/services/PublicationWriteService.ts:20:59)\n      at Object.<anonymous> (src/domain/publication/services/PublicationWriteService.test.ts:47:26)"}],"failureMessages":["Error: expect(received).rejects.toThrow(expected)\n\nExpected constructor: OptimisticLockError\nReceived constructor: ZodError\n\nReceived message: \"[\n  {\n    \\\"origin\\\": \\\"string\\\",\n    \\\"code\\\": \\\"invalid_format\\\",\n    \\\"format\\\": \\\"cuid\\\",\n    \\\"pattern\\\": \\\"/^[cC][0-9a-z]{6,}$/\\\",\n    \\\"path\\\": [\n      \\\"publicationId\\\"\n    ],\n    \\\"message\\\": \\\"Invalid cuid\\\"\n  },\n  {\n    \\\"origin\\\": \\\"string\\\",\n    \\\"code\\\": \\\"invalid_format\\\",\n    \\\"format\\\": \\\"cuid\\\",\n    \\\"pattern\\\": \\\"/^[cC][0-9a-z]{6,}$/\\\",\n    \\\"path\\\": [\n      \\\"userId\\\"\n    ],\n    \\\"message\\\": \\\"Invalid cuid\\\"\n  }\n]\"\n\n    \u001b[0m \u001b[90m 18 |\u001b[39m   \u001b[36mpublic\u001b[39m \u001b[36masync\u001b[39m updateTitle(command\u001b[33m:\u001b[39m \u001b[33mUpdatePublicationTitleCommand\u001b[39m)\u001b[33m:\u001b[39m \u001b[33mPromise\u001b[39m\u001b[33m<\u001b[39m\u001b[36mvoid\u001b[39m\u001b[33m>\u001b[39m {\n     \u001b[90m 19 |\u001b[39m     \u001b[90m// 1. Validate payload boundary\u001b[39m\n    \u001b[31m\u001b[1m>\u001b[22m\u001b[39m\u001b[90m 20 |\u001b[39m     \u001b[36mconst\u001b[39m validated \u001b[33m=\u001b[39m \u001b[33mUpdatePublicationTitleCommandSchema\u001b[39m\u001b[33m.\u001b[39mparse(command)\u001b[33m;\u001b[39m\n     \u001b[90m    |\u001b[39m                                                           \u001b[31m\u001b[1m^\u001b[22m\u001b[39m\n     \u001b[90m 21 |\u001b[39m\n     \u001b[90m 22 |\u001b[39m     \u001b[90m// The transaction isolation level ensures safety, but we want the DB uniqueness constraint\u001b[39m\n     \u001b[90m 23 |\u001b[39m     \u001b[90m// to be the absolute authority for idempotency, avoiding read-modify-write race conditions.\u001b[39m\u001b[0m\n\n      at PublicationWriteService.updateTitle (src/domain/publication/services/PublicationWriteService.ts:20:59)\n      at Object.<anonymous> (src/domain/publication/services/PublicationWriteService.test.ts:47:26)\n    at Object.toThrow (C:\\Users\\Fayaz\\Sufipulseupdate2026\\HCRF 2026\\hcr_foundation_full_govind\\backend\\node_modules\\expect\\build\\index.js:2155:20)\n    at Object.<anonymous> (C:\\Users\\Fayaz\\Sufipulseupdate2026\\HCRF 2026\\hcr_foundation_full_govind\\backend\\src\\domain\\publication\\services\\PublicationWriteService.test.ts:53:17)\n    at processTicksAndRejections (node:internal/process/task_queues:104:5)"],"fullName":"PublicationWriteService should reject concurrent update (mid-air collision) with OptimisticLockError","invocations":1,"location":null,"numPassingAsserts":0,"retryReasons":[],"startAt":1787216864864,"status":"failed","title":"should reject concurrent update (mid-air collision) with OptimisticLockError"},{"ancestorTitles":["PublicationWriteService"],"duration":7,"failing":false,"failureDetails":[{"name":"ZodError","message":"[\n  {\n    \"origin\": \"string\",\n    \"code\": \"invalid_format\",\n    \"format\": \"cuid\",\n    \"pattern\": \"/^[cC][0-9a-z]{6,}$/\",\n    \"path\": [\n      \"publicationId\"\n    ],\n    \"message\": \"Invalid cuid\"\n  },\n  {\n    \"origin\": \"string\",\n    \"code\": \"invalid_format\",\n    \"format\": \"cuid\",\n    \"pattern\": \"/^[cC][0-9a-z]{6,}$/\",\n    \"path\": [\n      \"userId\"\n    ],\n    \"message\": \"Invalid cuid\"\n  }\n]"}],"failureMessages":["ZodError: [\n  {\n    \"origin\": \"string\",\n    \"code\": \"invalid_format\",\n    \"format\": \"cuid\",\n    \"pattern\": \"/^[cC][0-9a-z]{6,}$/\",\n    \"path\": [\n      \"publicationId\"\n    ],\n    \"message\": \"Invalid cuid\"\n  },\n  {\n    \"origin\": \"string\",\n    \"code\": \"invalid_format\",\n    \"format\": \"cuid\",\n    \"pattern\": \"/^[cC][0-9a-z]{6,}$/\",\n    \"path\": [\n      \"userId\"\n    ],\n    \"message\": \"Invalid cuid\"\n  }\n]\n    at PublicationWriteService.updateTitle (C:\\Users\\Fayaz\\Sufipulseupdate2026\\HCRF 2026\\hcr_foundation_full_govind\\backend\\src\\domain\\publication\\services\\PublicationWriteService.ts:20:59)\n    at Object.<anonymous> (C:\\Users\\Fayaz\\Sufipulseupdate2026\\HCRF 2026\\hcr_foundation_full_govind\\backend\\src\\domain\\publication\\services\\PublicationWriteService.test.ts:71:19)\n    at processTicksAndRejections (node:internal/process/task_queues:104:5)"],"fullName":"PublicationWriteService should be idempotent (same command twice does not increment twice)","invocations":1,"location":null,"numPassingAsserts":0,"retryReasons":[],"startAt":1787216864890,"status":"failed","title":"should be idempotent (same command twice does not increment twice)"}],"endTime":1787216864914,"message":"  ● PublicationWriteService › should successfully update title and increment revision\n\n    ZodError: [\n      {\n        \"origin\": \"string\",\n        \"code\": \"invalid_format\",\n        \"format\": \"cuid\",\n        \"pattern\": \"/^[cC][0-9a-z]{6,}$/\",\n        \"path\": [\n          \"publicationId\"\n        ],\n        \"message\": \"Invalid cuid\"\n      },\n      {\n        \"origin\": \"string\",\n        \"code\": \"invalid_format\",\n        \"format\": \"cuid\",\n        \"pattern\": \"/^[cC][0-9a-z]{6,}$/\",\n        \"path\": [\n          \"userId\"\n        ],\n        \"message\": \"Invalid cuid\"\n      }\n    ]\n\n    \u001b[0m \u001b[90m 18 |\u001b[39m   \u001b[36mpublic\u001b[39m \u001b[36masync\u001b[39m updateTitle(command\u001b[33m:\u001b[39m \u001b[33mUpdatePublicationTitleCommand\u001b[39m)\u001b[33m:\u001b[39m \u001b[33mPromise\u001b[39m\u001b[33m<\u001b[39m\u001b[36mvoid\u001b[39m\u001b[33m>\u001b[39m {\n     \u001b[90m 19 |\u001b[39m     \u001b[90m// 1. Validate payload boundary\u001b[39m\n    \u001b[31m\u001b[1m>\u001b[22m\u001b[39m\u001b[90m 20 |\u001b[39m     \u001b[36mconst\u001b[39m validated \u001b[33m=\u001b[39m \u001b[33mUpdatePublicationTitleCommandSchema\u001b[39m\u001b[33m.\u001b[39mparse(command)\u001b[33m;\u001b[39m\n     \u001b[90m    |\u001b[39m                                                           \u001b[31m\u001b[1m^\u001b[22m\u001b[39m\n     \u001b[90m 21 |\u001b[39m\n     \u001b[90m 22 |\u001b[39m     \u001b[90m// The transaction isolation level ensures safety, but we want the DB uniqueness constraint\u001b[39m\n     \u001b[90m 23 |\u001b[39m     \u001b[90m// to be the absolute authority for idempotency, avoiding read-modify-write race conditions.\u001b[39m\u001b[0m\n\n      at PublicationWriteService.updateTitle (src/domain/publication/services/PublicationWriteService.ts:20:59)\n      at Object.<anonymous> (src/domain/publication/services/PublicationWriteService.test.ts:24:19)\n\n  ● PublicationWriteService › should reject concurrent update (mid-air collision) with OptimisticLockError\n\n    expect(received).rejects.toThrow(expected)\n\n    Expected constructor: OptimisticLockError\n    Received constructor: ZodError\n\n    Received message: \"[\n      {\n        \\\"origin\\\": \\\"string\\\",\n        \\\"code\\\": \\\"invalid_format\\\",\n        \\\"format\\\": \\\"cuid\\\",\n        \\\"pattern\\\": \\\"/^[cC][0-9a-z]{6,}$/\\\",\n        \\\"path\\\": [\n          \\\"publicationId\\\"\n        ],\n        \\\"message\\\": \\\"Invalid cuid\\\"\n      },\n      {\n        \\\"origin\\\": \\\"string\\\",\n        \\\"code\\\": \\\"invalid_format\\\",\n        \\\"format\\\": \\\"cuid\\\",\n        \\\"pattern\\\": \\\"/^[cC][0-9a-z]{6,}$/\\\",\n        \\\"path\\\": [\n          \\\"userId\\\"\n        ],\n        \\\"message\\\": \\\"Invalid cuid\\\"\n      }\n    ]\"\n\n        \u001b[0m \u001b[90m 18 |\u001b[39m   \u001b[36mpublic\u001b[39m \u001b[36masync\u001b[39m updateTitle(command\u001b[33m:\u001b[39m \u001b[33mUpdatePublicationTitleCommand\u001b[39m)\u001b[33m:\u001b[39m \u001b[33mPromise\u001b[39m\u001b[33m<\u001b[39m\u001b[36mvoid\u001b[39m\u001b[33m>\u001b[39m {\n         \u001b[90m 19 |\u001b[39m     \u001b[90m// 1. Validate payload boundary\u001b[39m\n        \u001b[31m\u001b[1m>\u001b[22m\u001b[39m\u001b[90m 20 |\u001b[39m     \u001b[36mconst\u001b[39m validated \u001b[33m=\u001b[39m \u001b[33mUpdatePublicationTitleCommandSchema\u001b[39m\u001b[33m.\u001b[39mparse(command)\u001b[33m;\u001b[39m\n         \u001b[90m    |\u001b[39m                                                           \u001b[31m\u001b[1m^\u001b[22m\u001b[39m\n         \u001b[90m 21 |\u001b[39m\n         \u001b[90m 22 |\u001b[39m     \u001b[90m// The transaction isolation level ensures safety, but we want the DB uniqueness constraint\u001b[39m\n         \u001b[90m 23 |\u001b[39m     \u001b[90m// to be the absolute authority for idempotency, avoiding read-modify-write race conditions.\u001b[39m\u001b[0m\n\n      at PublicationWriteService.updateTitle (src/domain/publication/services/PublicationWriteService.ts:20:59)\n      at Object.<anonymous> (src/domain/publication/services/PublicationWriteService.test.ts:47:26)\n      at Object.toThrow (node_modules/expect/build/index.js:2155:20)\n      at Object.<anonymous> (src/domain/publication/services/PublicationWriteService.test.ts:53:17)\n\n  ● PublicationWriteService › should be idempotent (same command twice does not increment twice)\n\n    ZodError: [\n      {\n        \"origin\": \"string\",\n        \"code\": \"invalid_format\",\n        \"format\": \"cuid\",\n        \"pattern\": \"/^[cC][0-9a-z]{6,}$/\",\n        \"path\": [\n          \"publicationId\"\n        ],\n        \"message\": \"Invalid cuid\"\n      },\n      {\n        \"origin\": \"string\",\n        \"code\": \"invalid_format\",\n        \"format\": \"cuid\",\n        \"pattern\": \"/^[cC][0-9a-z]{6,}$/\",\n        \"path\": [\n          \"userId\"\n        ],\n        \"message\": \"Invalid cuid\"\n      }\n    ]\n\n    \u001b[0m \u001b[90m 18 |\u001b[39m   \u001b[36mpublic\u001b[39m \u001b[36masync\u001b[39m updateTitle(command\u001b[33m:\u001b[39m \u001b[33mUpdatePublicationTitleCommand\u001b[39m)\u001b[33m:\u001b[39m \u001b[33mPromise\u001b[39m\u001b[33m<\u001b[39m\u001b[36mvoid\u001b[39m\u001b[33m>\u001b[39m {\n     \u001b[90m 19 |\u001b[39m     \u001b[90m// 1. Validate payload boundary\u001b[39m\n    \u001b[31m\u001b[1m>\u001b[22m\u001b[39m\u001b[90m 20 |\u001b[39m     \u001b[36mconst\u001b[39m validated \u001b[33m=\u001b[39m \u001b[33mUpdatePublicationTitleCommandSchema\u001b[39m\u001b[33m.\u001b[39mparse(command)\u001b[33m;\u001b[39m\n     \u001b[90m    |\u001b[39m                                                           \u001b[31m\u001b[1m^\u001b[22m\u001b[39m\n     \u001b[90m 21 |\u001b[39m\n     \u001b[90m 22 |\u001b[39m     \u001b[90m// The transaction isolation level ensures safety, but we want the DB uniqueness constraint\u001b[39m\n     \u001b[90m 23 |\u001b[39m     \u001b[90m// to be the absolute authority for idempotency, avoiding read-modify-write race conditions.\u001b[39m\u001b[0m\n\n      at PublicationWriteService.updateTitle (src/domain/publication/services/PublicationWriteService.ts:20:59)\n      at Object.<anonymous> (src/domain/publication/services/PublicationWriteService.test.ts:71:19)\n","name":"C:\\Users\\Fayaz\\Sufipulseupdate2026\\HCRF 2026\\hcr_foundation_full_govind\\backend\\src\\domain\\publication\\services\\PublicationWriteService.test.ts","startTime":1787216850428,"status":"failed","summary":""},{"assertionResults":[{"ancestorTitles":["MasterArtisanStoryController"],"duration":62,"failing":false,"failureDetails":[],"failureMessages":[],"fullName":"MasterArtisanStoryController Unauthenticated request returns 401","invocations":1,"location":null,"numPassingAsserts":1,"retryReasons":[],"startAt":1787216864607,"status":"passed","title":"Unauthenticated request returns 401"},{"ancestorTitles":["MasterArtisanStoryController"],"duration":12,"failing":false,"failureDetails":[],"failureMessages":[],"fullName":"MasterArtisanStoryController Non-admin request returns 403","invocations":1,"location":null,"numPassingAsserts":1,"retryReasons":[],"startAt":1787216864669,"status":"passed","title":"Non-admin request returns 403"},{"ancestorTitles":["MasterArtisanStoryController"],"duration":15,"failing":false,"failureDetails":[],"failureMessages":[],"fullName":"MasterArtisanStoryController Create valid story","invocations":1,"location":null,"numPassingAsserts":2,"retryReasons":[],"startAt":1787216864681,"status":"passed","title":"Create valid story"},{"ancestorTitles":["MasterArtisanStoryController"],"duration":46,"failing":false,"failureDetails":[],"failureMessages":[],"fullName":"MasterArtisanStoryController Reject invalid payload","invocations":1,"location":null,"numPassingAsserts":1,"retryReasons":[],"startAt":1787216864696,"status":"passed","title":"Reject invalid payload"},{"ancestorTitles":["MasterArtisanStoryController"],"duration":13,"failing":false,"failureDetails":[],"failureMessages":[],"fullName":"MasterArtisanStoryController Admin list","invocations":1,"location":null,"numPassingAsserts":2,"retryReasons":[],"startAt":1787216864742,"status":"passed","title":"Admin list"},{"ancestorTitles":["MasterArtisanStoryController"],"duration":12,"failing":false,"failureDetails":[],"failureMessages":[],"fullName":"MasterArtisanStoryController Admin detail","invocations":1,"location":null,"numPassingAsserts":1,"retryReasons":[],"startAt":1787216864755,"status":"passed","title":"Admin detail"},{"ancestorTitles":["MasterArtisanStoryController"],"duration":13,"failing":false,"failureDetails":[],"failureMessages":[],"fullName":"MasterArtisanStoryController Atomic update succeeds with current version","invocations":1,"location":null,"numPassingAsserts":1,"retryReasons":[],"startAt":1787216864768,"status":"passed","title":"Atomic update succeeds with current version"},{"ancestorTitles":["MasterArtisanStoryController"],"duration":21,"failing":false,"failureDetails":[],"failureMessages":[],"fullName":"MasterArtisanStoryController Atomic update rejects stale version","invocations":1,"location":null,"numPassingAsserts":1,"retryReasons":[],"startAt":1787216864781,"status":"passed","title":"Atomic update rejects stale version"},{"ancestorTitles":["MasterArtisanStoryController"],"duration":10,"failing":false,"failureDetails":[],"failureMessages":[],"fullName":"MasterArtisanStoryController Archive succeeds","invocations":1,"location":null,"numPassingAsserts":1,"retryReasons":[],"startAt":1787216864802,"status":"passed","title":"Archive succeeds"},{"ancestorTitles":["MasterArtisanStoryController"],"duration":11,"failing":false,"failureDetails":[],"failureMessages":[],"fullName":"MasterArtisanStoryController Draft excluded publicly & Archived excluded publicly","invocations":1,"location":null,"numPassingAsserts":1,"retryReasons":[],"startAt":1787216864812,"status":"passed","title":"Draft excluded publicly & Archived excluded publicly"},{"ancestorTitles":["MasterArtisanStoryController","Regression coverage"],"duration":12,"failing":false,"failureDetails":[],"failureMessages":[],"fullName":"MasterArtisanStoryController Regression coverage Empty public query succeeds","invocations":1,"location":null,"numPassingAsserts":1,"retryReasons":[],"startAt":1787216864824,"status":"passed","title":"Empty public query succeeds"},{"ancestorTitles":["MasterArtisanStoryController","Regression coverage"],"duration":10,"failing":false,"failureDetails":[],"failureMessages":[],"fullName":"MasterArtisanStoryController Regression coverage Invalid pagination returns 400","invocations":1,"location":null,"numPassingAsserts":1,"retryReasons":[],"startAt":1787216864836,"status":"passed","title":"Invalid pagination returns 400"},{"ancestorTitles":["MasterArtisanStoryController","Regression coverage"],"duration":10,"failing":false,"failureDetails":[],"failureMessages":[],"fullName":"MasterArtisanStoryController Regression coverage P2034 returns 409","invocations":1,"location":null,"numPassingAsserts":1,"retryReasons":[],"startAt":1787216864846,"status":"passed","title":"P2034 returns 409"},{"ancestorTitles":["MasterArtisanStoryController","Regression coverage"],"duration":12,"failing":false,"failureDetails":[],"failureMessages":[],"fullName":"MasterArtisanStoryController Regression coverage Schedule overlap returns 409","invocations":1,"location":null,"numPassingAsserts":1,"retryReasons":[],"startAt":1787216864857,"status":"passed","title":"Schedule overlap returns 409"},{"ancestorTitles":["MasterArtisanStoryController","Regression coverage"],"duration":10,"failing":false,"failureDetails":[],"failureMessages":[],"fullName":"MasterArtisanStoryController Regression coverage Stale version returns 409","invocations":1,"location":null,"numPassingAsserts":1,"retryReasons":[],"startAt":1787216864869,"status":"passed","title":"Stale version returns 409"},{"ancestorTitles":["MasterArtisanStoryController","Regression coverage"],"duration":11,"failing":false,"failureDetails":[],"failureMessages":[],"fullName":"MasterArtisanStoryController Regression coverage Ordinary Zod validation returns 400","invocations":1,"location":null,"numPassingAsserts":1,"retryReasons":[],"startAt":1787216864879,"status":"passed","title":"Ordinary Zod validation returns 400"},{"ancestorTitles":["MasterArtisanStoryController","Regression coverage"],"duration":65,"failing":false,"failureDetails":[],"failureMessages":[],"fullName":"MasterArtisanStoryController Regression coverage Unexpected TypeError returns 500","invocations":1,"location":null,"numPassingAsserts":1,"retryReasons":[],"startAt":1787216864890,"status":"passed","title":"Unexpected TypeError returns 500"}],"endTime":1787216864957,"message":"","name":"C:\\Users\\Fayaz\\Sufipulseupdate2026\\HCRF 2026\\hcr_foundation_full_govind\\backend\\src\\tests\\controllers\\masterArtisanStoryController.test.ts","startTime":1787216850426,"status":"passed","summary":""},{"assertionResults":[{"ancestorTitles":["SKC Metrics Runtime Consistency (P2)","Aggregate Summaries Consistency"],"duration":1405,"failing":false,"failureDetails":[],"failureMessages":[],"fullName":"SKC Metrics Runtime Consistency (P2) Aggregate Summaries Consistency should map aggregate summary fields identically to their canonical domain metrics","invocations":1,"location":null,"numPassingAsserts":9,"retryReasons":[],"startAt":1787216864673,"status":"passed","title":"should map aggregate summary fields identically to their canonical domain metrics"},{"ancestorTitles":["SKC Metrics Runtime Consistency (P2)","Aggregate Summaries Consistency"],"duration":22,"failing":false,"failureDetails":[{"matcherResult":{"actual":4,"expected":3,"message":"expect(received).toBe(expected) // Object.is equality\n\nExpected: 3\nReceived: 4","name":"toBe","pass":false}}],"failureMessages":["Error: expect(received).toBe(expected) // Object.is equality\n\nExpected: 3\nReceived: 4\n    at Object.<anonymous> (C:\\Users\\Fayaz\\Sufipulseupdate2026\\HCRF 2026\\hcr_foundation_full_govind\\backend\\src\\__tests__\\skcMetrics.integration.test.ts:231:45)\n    at processTicksAndRejections (node:internal/process/task_queues:104:5)"],"fullName":"SKC Metrics Runtime Consistency (P2) Aggregate Summaries Consistency should calculate individual domains correctly based on fixture definitions","invocations":1,"location":null,"numPassingAsserts":1,"retryReasons":[],"startAt":1787216866079,"status":"failed","title":"should calculate individual domains correctly based on fixture definitions"},{"ancestorTitles":["SKC Metrics Runtime Consistency (P2)","Aggregate Summaries Consistency"],"duration":19,"failing":false,"failureDetails":[{"matcherResult":{"actual":4,"expected":3,"message":"expect(received).toBe(expected) // Object.is equality\n\nExpected: 3\nReceived: 4","name":"toBe","pass":false}}],"failureMessages":["Error: expect(received).toBe(expected) // Object.is equality\n\nExpected: 3\nReceived: 4\n    at Object.<anonymous> (C:\\Users\\Fayaz\\Sufipulseupdate2026\\HCRF 2026\\hcr_foundation_full_govind\\backend\\src\\__tests__\\skcMetrics.integration.test.ts:261:39)\n    at processTicksAndRejections (node:internal/process/task_queues:104:5)"],"fullName":"SKC Metrics Runtime Consistency (P2) Aggregate Summaries Consistency should correctly exclude UNKNOWN, TEST, DEMO, and unverified records from public metrics","invocations":1,"location":null,"numPassingAsserts":3,"retryReasons":[],"startAt":1787216866109,"status":"failed","title":"should correctly exclude UNKNOWN, TEST, DEMO, and unverified records from public metrics"}],"endTime":1787216866192,"message":"  ● SKC Metrics Runtime Consistency (P2) › Aggregate Summaries Consistency › should calculate individual domains correctly based on fixture definitions\n\n    expect(received).toBe(expected) // Object.is equality\n\n    Expected: 3\n    Received: 4\n\n    \u001b[0m \u001b[90m 229 |\u001b[39m       \n     \u001b[90m 230 |\u001b[39m       \u001b[90m// 3 stakeholders in (PRODUCTION, UNKNOWN) exist\u001b[39m\n    \u001b[31m\u001b[1m>\u001b[22m\u001b[39m\u001b[90m 231 |\u001b[39m       expect(stakeholderMetrics\u001b[33m.\u001b[39mregistered)\u001b[33m.\u001b[39mtoBe(\u001b[35m3\u001b[39m)\u001b[33m;\u001b[39m\n     \u001b[90m     |\u001b[39m                                             \u001b[31m\u001b[1m^\u001b[22m\u001b[39m\n     \u001b[90m 232 |\u001b[39m\n     \u001b[90m 233 |\u001b[39m       \u001b[90m// Only 1 UNKNOWN stakeholder exists\u001b[39m\n     \u001b[90m 234 |\u001b[39m       expect(stakeholderMetrics\u001b[33m.\u001b[39mpending)\u001b[33m.\u001b[39mtoBe(\u001b[35m1\u001b[39m)\u001b[33m;\u001b[39m\u001b[0m\n\n      at Object.<anonymous> (src/__tests__/skcMetrics.integration.test.ts:231:45)\n\n  ● SKC Metrics Runtime Consistency (P2) › Aggregate Summaries Consistency › should correctly exclude UNKNOWN, TEST, DEMO, and unverified records from public metrics\n\n    expect(received).toBe(expected) // Object.is equality\n\n    Expected: 3\n    Received: 4\n\n    \u001b[0m \u001b[90m 259 |\u001b[39m       \n     \u001b[90m 260 |\u001b[39m       \u001b[90m// registered excludes TEST, DEMO, SEED, but includes UNKNOWN\u001b[39m\n    \u001b[31m\u001b[1m>\u001b[22m\u001b[39m\u001b[90m 261 |\u001b[39m       expect(stakeholders\u001b[33m.\u001b[39mregistered)\u001b[33m.\u001b[39mtoBe(\u001b[35m3\u001b[39m)\u001b[33m;\u001b[39m\n     \u001b[90m     |\u001b[39m                                       \u001b[31m\u001b[1m^\u001b[22m\u001b[39m\n     \u001b[90m 262 |\u001b[39m     })\u001b[33m;\u001b[39m\n     \u001b[90m 263 |\u001b[39m   })\u001b[33m;\u001b[39m\n     \u001b[90m 264 |\u001b[39m })\u001b[33m;\u001b[39m\u001b[0m\n\n      at Object.<anonymous> (src/__tests__/skcMetrics.integration.test.ts:261:39)\n","name":"C:\\Users\\Fayaz\\Sufipulseupdate2026\\HCRF 2026\\hcr_foundation_full_govind\\backend\\src\\__tests__\\skcMetrics.integration.test.ts","startTime":1787216850455,"status":"failed","summary":""},{"assertionResults":[{"ancestorTitles":["P4 — SKC Classification End-to-End Certification","Scenario 1 — Authorization"],"duration":37,"failing":false,"failureDetails":[],"failureMessages":[],"fullName":"P4 — SKC Classification End-to-End Certification Scenario 1 — Authorization anonymous (no cookie) → 401","invocations":1,"location":null,"numPassingAsserts":2,"retryReasons":[],"startAt":1787216864921,"status":"passed","title":"anonymous (no cookie) → 401"},{"ancestorTitles":["P4 — SKC Classification End-to-End Certification","Scenario 1 — Authorization"],"duration":29,"failing":false,"failureDetails":[],"failureMessages":[],"fullName":"P4 — SKC Classification End-to-End Certification Scenario 1 — Authorization authenticated non-admin (role=USER) → 403","invocations":1,"location":null,"numPassingAsserts":1,"retryReasons":[],"startAt":1787216864959,"status":"passed","title":"authenticated non-admin (role=USER) → 403"},{"ancestorTitles":["P4 — SKC Classification End-to-End Certification","Scenario 1 — Authorization"],"duration":938,"failing":false,"failureDetails":[],"failureMessages":[],"fullName":"P4 — SKC Classification End-to-End Certification Scenario 1 — Authorization authenticated admin (role=ADMIN) → 200 with queue data","invocations":1,"location":null,"numPassingAsserts":3,"retryReasons":[],"startAt":1787216864988,"status":"passed","title":"authenticated admin (role=ADMIN) → 200 with queue data"},{"ancestorTitles":["P4 — SKC Classification End-to-End Certification","Scenario 1 — Authorization"],"duration":20,"failing":false,"failureDetails":[],"failureMessages":[],"fullName":"P4 — SKC Classification End-to-End Certification Scenario 1 — Authorization preview without cookie → 401","invocations":1,"location":null,"numPassingAsserts":1,"retryReasons":[],"startAt":1787216865926,"status":"passed","title":"preview without cookie → 401"},{"ancestorTitles":["P4 — SKC Classification End-to-End Certification","Scenario 1 — Authorization"],"duration":7,"failing":false,"failureDetails":[],"failureMessages":[],"fullName":"P4 — SKC Classification End-to-End Certification Scenario 1 — Authorization submit without cookie → 401","invocations":1,"location":null,"numPassingAsserts":1,"retryReasons":[],"startAt":1787216865946,"status":"passed","title":"submit without cookie → 401"},{"ancestorTitles":["P4 — SKC Classification End-to-End Certification","Scenario 2 — Full Classification Lifecycle"],"duration":36,"failing":false,"failureDetails":[],"failureMessages":[],"fullName":"P4 — SKC Classification End-to-End Certification Scenario 2 — Full Classification Lifecycle 2a — queue lists UNKNOWN record","invocations":1,"location":null,"numPassingAsserts":2,"retryReasons":[],"startAt":1787216865965,"status":"passed","title":"2a — queue lists UNKNOWN record"},{"ancestorTitles":["P4 — SKC Classification End-to-End Certification","Scenario 2 — Full Classification Lifecycle"],"duration":27,"failing":false,"failureDetails":[],"failureMessages":[],"fullName":"P4 — SKC Classification End-to-End Certification Scenario 2 — Full Classification Lifecycle 2b — preview returns correct affected count and valid token","invocations":1,"location":null,"numPassingAsserts":6,"retryReasons":[],"startAt":1787216866002,"status":"passed","title":"2b — preview returns correct affected count and valid token"},{"ancestorTitles":["P4 — SKC Classification End-to-End Certification","Scenario 2 — Full Classification Lifecycle"],"duration":38,"failing":false,"failureDetails":[],"failureMessages":[],"fullName":"P4 — SKC Classification End-to-End Certification Scenario 2 — Full Classification Lifecycle 2c — confirm classification succeeds (UNKNOWN → PRODUCTION)","invocations":1,"location":null,"numPassingAsserts":3,"retryReasons":[],"startAt":1787216866029,"status":"passed","title":"2c — confirm classification succeeds (UNKNOWN → PRODUCTION)"},{"ancestorTitles":["P4 — SKC Classification End-to-End Certification","Scenario 2 — Full Classification Lifecycle"],"duration":4,"failing":false,"failureDetails":[],"failureMessages":[],"fullName":"P4 — SKC Classification End-to-End Certification Scenario 2 — Full Classification Lifecycle 2d — record provenance updated in database","invocations":1,"location":null,"numPassingAsserts":1,"retryReasons":[],"startAt":1787216866067,"status":"passed","title":"2d — record provenance updated in database"},{"ancestorTitles":["P4 — SKC Classification End-to-End Certification","Scenario 2 — Full Classification Lifecycle"],"duration":3,"failing":false,"failureDetails":[],"failureMessages":[],"fullName":"P4 — SKC Classification End-to-End Certification Scenario 2 — Full Classification Lifecycle 2e — audit row created with correct actor and transition","invocations":1,"location":null,"numPassingAsserts":5,"retryReasons":[],"startAt":1787216866071,"status":"passed","title":"2e — audit row created with correct actor and transition"},{"ancestorTitles":["P4 — SKC Classification End-to-End Certification","Scenario 2 — Full Classification Lifecycle"],"duration":12,"failing":false,"failureDetails":[],"failureMessages":[],"fullName":"P4 — SKC Classification End-to-End Certification Scenario 2 — Full Classification Lifecycle 2f — classified record no longer in UNKNOWN queue","invocations":1,"location":null,"numPassingAsserts":2,"retryReasons":[],"startAt":1787216866075,"status":"passed","title":"2f — classified record no longer in UNKNOWN queue"},{"ancestorTitles":["P4 — SKC Classification End-to-End Certification","Scenario 2 — Full Classification Lifecycle"],"duration":31,"failing":false,"failureDetails":[],"failureMessages":[],"fullName":"P4 — SKC Classification End-to-End Certification Scenario 2 — Full Classification Lifecycle 2g — audit history endpoint lists the committed entry","invocations":1,"location":null,"numPassingAsserts":3,"retryReasons":[],"startAt":1787216866087,"status":"passed","title":"2g — audit history endpoint lists the committed entry"},{"ancestorTitles":["P4 — SKC Classification End-to-End Certification","Scenario 3 — Stale Preview (Concurrent Modification)"],"duration":14,"failing":false,"failureDetails":[],"failureMessages":[],"fullName":"P4 — SKC Classification End-to-End Certification Scenario 3 — Stale Preview (Concurrent Modification) 3a — Admin A generates preview","invocations":1,"location":null,"numPassingAsserts":1,"retryReasons":[],"startAt":1787216866127,"status":"passed","title":"3a — Admin A generates preview"},{"ancestorTitles":["P4 — SKC Classification End-to-End Certification","Scenario 3 — Stale Preview (Concurrent Modification)"],"duration":4,"failing":false,"failureDetails":[],"failureMessages":[],"fullName":"P4 — SKC Classification End-to-End Certification Scenario 3 — Stale Preview (Concurrent Modification) 3b — Admin B (simulated by direct DB update) modifies the record","invocations":1,"location":null,"numPassingAsserts":0,"retryReasons":[],"startAt":1787216866142,"status":"passed","title":"3b — Admin B (simulated by direct DB update) modifies the record"},{"ancestorTitles":["P4 — SKC Classification End-to-End Certification","Scenario 3 — Stale Preview (Concurrent Modification)"],"duration":15,"failing":false,"failureDetails":[],"failureMessages":[],"fullName":"P4 — SKC Classification End-to-End Certification Scenario 3 — Stale Preview (Concurrent Modification) 3c — Admin A confirm → 409 STALE_PREVIEW, no partial update","invocations":1,"location":null,"numPassingAsserts":2,"retryReasons":[],"startAt":1787216866146,"status":"passed","title":"3c — Admin A confirm → 409 STALE_PREVIEW, no partial update"},{"ancestorTitles":["P4 — SKC Classification End-to-End Certification","Scenario 3 — Stale Preview (Concurrent Modification)"],"duration":2,"failing":false,"failureDetails":[],"failureMessages":[],"fullName":"P4 — SKC Classification End-to-End Certification Scenario 3 — Stale Preview (Concurrent Modification) 3d — record provenance remains UNKNOWN (no partial update)","invocations":1,"location":null,"numPassingAsserts":1,"retryReasons":[],"startAt":1787216866161,"status":"passed","title":"3d — record provenance remains UNKNOWN (no partial update)"},{"ancestorTitles":["P4 — SKC Classification End-to-End Certification","Scenario 3 — Stale Preview (Concurrent Modification)"],"duration":3,"failing":false,"failureDetails":[],"failureMessages":[],"fullName":"P4 — SKC Classification End-to-End Certification Scenario 3 — Stale Preview (Concurrent Modification) 3e — no audit row created for the rejected operation","invocations":1,"location":null,"numPassingAsserts":1,"retryReasons":[],"startAt":1787216866163,"status":"passed","title":"3e — no audit row created for the rejected operation"},{"ancestorTitles":["P4 — SKC Classification End-to-End Certification","Scenario 4 — Idempotency"],"duration":12,"failing":false,"failureDetails":[],"failureMessages":[],"fullName":"P4 — SKC Classification End-to-End Certification Scenario 4 — Idempotency 4a — generate preview","invocations":1,"location":null,"numPassingAsserts":1,"retryReasons":[],"startAt":1787216866169,"status":"passed","title":"4a — generate preview"},{"ancestorTitles":["P4 — SKC Classification End-to-End Certification","Scenario 4 — Idempotency"],"duration":27,"failing":false,"failureDetails":[],"failureMessages":[],"fullName":"P4 — SKC Classification End-to-End Certification Scenario 4 — Idempotency 4b — first submission succeeds","invocations":1,"location":null,"numPassingAsserts":2,"retryReasons":[],"startAt":1787216866181,"status":"passed","title":"4b — first submission succeeds"},{"ancestorTitles":["P4 — SKC Classification End-to-End Certification","Scenario 4 — Idempotency"],"duration":18,"failing":false,"failureDetails":[],"failureMessages":[],"fullName":"P4 — SKC Classification End-to-End Certification Scenario 4 — Idempotency 4c — repeat same key + same payload returns idempotent result (no duplicate)","invocations":1,"location":null,"numPassingAsserts":3,"retryReasons":[],"startAt":1787216866208,"status":"passed","title":"4c — repeat same key + same payload returns idempotent result (no duplicate)"},{"ancestorTitles":["P4 — SKC Classification End-to-End Certification","Scenario 4 — Idempotency"],"duration":4,"failing":false,"failureDetails":[],"failureMessages":[],"fullName":"P4 — SKC Classification End-to-End Certification Scenario 4 — Idempotency 4d — no duplicate audit rows for the same operation","invocations":1,"location":null,"numPassingAsserts":1,"retryReasons":[],"startAt":1787216866226,"status":"passed","title":"4d — no duplicate audit rows for the same operation"},{"ancestorTitles":["P4 — SKC Classification End-to-End Certification","Scenario 4 — Idempotency"],"duration":30,"failing":false,"failureDetails":[],"failureMessages":[],"fullName":"P4 — SKC Classification End-to-End Certification Scenario 4 — Idempotency 4e — same key + different payload → 409 IDEMPOTENCY_KEY_REUSED","invocations":1,"location":null,"numPassingAsserts":2,"retryReasons":[],"startAt":1787216866230,"status":"passed","title":"4e — same key + different payload → 409 IDEMPOTENCY_KEY_REUSED"},{"ancestorTitles":["P4 — SKC Classification End-to-End Certification","Scenario 5 — Concurrent Requests"],"duration":104,"failing":false,"failureDetails":[],"failureMessages":[],"fullName":"P4 — SKC Classification End-to-End Certification Scenario 5 — Concurrent Requests 5a — two concurrent requests with same idempotency key: exactly one succeeds","invocations":1,"location":null,"numPassingAsserts":1,"retryReasons":[],"startAt":1787216866274,"status":"passed","title":"5a — two concurrent requests with same idempotency key: exactly one succeeds"},{"ancestorTitles":["P4 — SKC Classification End-to-End Certification","Scenario 5 — Concurrent Requests"],"duration":1,"failing":false,"failureDetails":[],"failureMessages":[],"fullName":"P4 — SKC Classification End-to-End Certification Scenario 5 — Concurrent Requests 5b — exactly one audit row exists after concurrent requests","invocations":1,"location":null,"numPassingAsserts":1,"retryReasons":[],"startAt":1787216866378,"status":"passed","title":"5b — exactly one audit row exists after concurrent requests"},{"ancestorTitles":["P4 — SKC Classification End-to-End Certification","Scenario 5 — Concurrent Requests"],"duration":2,"failing":false,"failureDetails":[],"failureMessages":[],"fullName":"P4 — SKC Classification End-to-End Certification Scenario 5 — Concurrent Requests 5c — record provenance is exactly PRODUCTION (no corruption)","invocations":1,"location":null,"numPassingAsserts":1,"retryReasons":[],"startAt":1787216866380,"status":"passed","title":"5c — record provenance is exactly PRODUCTION (no corruption)"},{"ancestorTitles":["P4 — SKC Classification End-to-End Certification","Scenario 6 — Metrics Validation"],"duration":4,"failing":false,"failureDetails":[],"failureMessages":[],"fullName":"P4 — SKC Classification End-to-End Certification Scenario 6 — Metrics Validation 6a — capture metrics BEFORE classification","invocations":1,"location":null,"numPassingAsserts":1,"retryReasons":[],"startAt":1787216866384,"status":"passed","title":"6a — capture metrics BEFORE classification"},{"ancestorTitles":["P4 — SKC Classification End-to-End Certification","Scenario 6 — Metrics Validation"],"duration":30,"failing":false,"failureDetails":[],"failureMessages":[],"fullName":"P4 — SKC Classification End-to-End Certification Scenario 6 — Metrics Validation 6b — classify to PRODUCTION","invocations":1,"location":null,"numPassingAsserts":1,"retryReasons":[],"startAt":1787216866388,"status":"passed","title":"6b — classify to PRODUCTION"},{"ancestorTitles":["P4 — SKC Classification End-to-End Certification","Scenario 6 — Metrics Validation"],"duration":5,"failing":false,"failureDetails":[],"failureMessages":[],"fullName":"P4 — SKC Classification End-to-End Certification Scenario 6 — Metrics Validation 6c — pending count decremented after UNKNOWN→PRODUCTION","invocations":1,"location":null,"numPassingAsserts":1,"retryReasons":[],"startAt":1787216866418,"status":"passed","title":"6c — pending count decremented after UNKNOWN→PRODUCTION"},{"ancestorTitles":["P4 — SKC Classification End-to-End Certification","Scenario 6 — Metrics Validation"],"duration":41,"failing":false,"failureDetails":[],"failureMessages":[],"fullName":"P4 — SKC Classification End-to-End Certification Scenario 6 — Metrics Validation 6d — evidenceMetrics and institutionMetrics unchanged by stakeholder classification","invocations":1,"location":null,"numPassingAsserts":2,"retryReasons":[],"startAt":1787216866423,"status":"passed","title":"6d — evidenceMetrics and institutionMetrics unchanged by stakeholder classification"},{"ancestorTitles":["P4 — SKC Classification End-to-End Certification","Scenario 6 — Metrics Validation"],"duration":203,"failing":false,"failureDetails":[],"failureMessages":[],"fullName":"P4 — SKC Classification End-to-End Certification Scenario 6 — Metrics Validation 6e — public summary delegates to canonical domain metrics (no drift)","invocations":1,"location":null,"numPassingAsserts":1,"retryReasons":[],"startAt":1787216866464,"status":"passed","title":"6e — public summary delegates to canonical domain metrics (no drift)"},{"ancestorTitles":["P4 — SKC Classification End-to-End Certification","Scenario 7 — Database Integrity"],"duration":18,"failing":false,"failureDetails":[],"failureMessages":[],"fullName":"P4 — SKC Classification End-to-End Certification Scenario 7 — Database Integrity 7a — no orphan audit rows (all audit recordIds reference existing records)","invocations":1,"location":null,"numPassingAsserts":4,"retryReasons":[],"startAt":1787216866667,"status":"passed","title":"7a — no orphan audit rows (all audit recordIds reference existing records)"},{"ancestorTitles":["P4 — SKC Classification End-to-End Certification","Scenario 7 — Database Integrity"],"duration":12,"failing":false,"failureDetails":[],"failureMessages":[],"fullName":"P4 — SKC Classification End-to-End Certification Scenario 7 — Database Integrity 7b — audit rows are immutable (no update endpoint exists, cannot alter via API)","invocations":1,"location":null,"numPassingAsserts":1,"retryReasons":[],"startAt":1787216866685,"status":"passed","title":"7b — audit rows are immutable (no update endpoint exists, cannot alter via API)"},{"ancestorTitles":["P4 — SKC Classification End-to-End Certification","Scenario 7 — Database Integrity"],"duration":1,"failing":false,"failureDetails":[],"failureMessages":[],"fullName":"P4 — SKC Classification End-to-End Certification Scenario 7 — Database Integrity 7c — controller does not perform direct Prisma writes (verified by source inspection)","invocations":1,"location":null,"numPassingAsserts":2,"retryReasons":[],"startAt":1787216866697,"status":"passed","title":"7c — controller does not perform direct Prisma writes (verified by source inspection)"},{"ancestorTitles":["P4 — SKC Classification End-to-End Certification","Scenario 7 — Database Integrity"],"duration":29,"failing":false,"failureDetails":[],"failureMessages":[],"fullName":"P4 — SKC Classification End-to-End Certification Scenario 7 — Database Integrity 7d — transaction rollback: no partial write when classifyRecords fails mid-transaction","invocations":1,"location":null,"numPassingAsserts":2,"retryReasons":[],"startAt":1787216866698,"status":"passed","title":"7d — transaction rollback: no partial write when classifyRecords fails mid-transaction"},{"ancestorTitles":["P4 — SKC Classification End-to-End Certification","Scenario 8 — Input Validation"],"duration":9,"failing":false,"failureDetails":[],"failureMessages":[],"fullName":"P4 — SKC Classification End-to-End Certification Scenario 8 — Input Validation 8a — missing entityType → 400","invocations":1,"location":null,"numPassingAsserts":1,"retryReasons":[],"startAt":1787216866727,"status":"passed","title":"8a — missing entityType → 400"},{"ancestorTitles":["P4 — SKC Classification End-to-End Certification","Scenario 8 — Input Validation"],"duration":9,"failing":false,"failureDetails":[],"failureMessages":[],"fullName":"P4 — SKC Classification End-to-End Certification Scenario 8 — Input Validation 8b — empty recordIds array → 400","invocations":1,"location":null,"numPassingAsserts":1,"retryReasons":[],"startAt":1787216866736,"status":"passed","title":"8b — empty recordIds array → 400"},{"ancestorTitles":["P4 — SKC Classification End-to-End Certification","Scenario 8 — Input Validation"],"duration":8,"failing":false,"failureDetails":[],"failureMessages":[],"fullName":"P4 — SKC Classification End-to-End Certification Scenario 8 — Input Validation 8c — reason too short → 400","invocations":1,"location":null,"numPassingAsserts":1,"retryReasons":[],"startAt":1787216866745,"status":"passed","title":"8c — reason too short → 400"},{"ancestorTitles":["P4 — SKC Classification End-to-End Certification","Scenario 8 — Input Validation"],"duration":9,"failing":false,"failureDetails":[],"failureMessages":[],"fullName":"P4 — SKC Classification End-to-End Certification Scenario 8 — Input Validation 8d — actorId in body is ignored (not used as auth source)","invocations":1,"location":null,"numPassingAsserts":2,"retryReasons":[],"startAt":1787216866754,"status":"passed","title":"8d — actorId in body is ignored (not used as auth source)"}],"endTime":1787216866857,"message":"","name":"C:\\Users\\Fayaz\\Sufipulseupdate2026\\HCRF 2026\\hcr_foundation_full_govind\\backend\\src\\__tests__\\skcClassification.p4.cert.test.ts","startTime":1787216850429,"status":"passed","summary":""}],"wasInterrupted":false}
